<?xml version="1.0" encoding="UTF-8"?>
<!-- Generated by org.testng.reporters.JUnitReportReporter -->
<testsuite hostname="LAPTOP-LJLOR2F2" failures="0" tests="1" name="com.demoaut.newtours.Tests.VerifyValidLoginTest" time="5.485" errors="0" timestamp="2020-04-25T20:03:22 EDT" skipped="0">
  <testcase classname="com.demoaut.newtours.Tests.VerifyValidLoginTest" name="verifyValidLogin" time="5.485"/>
</testsuite> <!-- com.demoaut.newtours.Tests.VerifyValidLoginTest -->
